<?xml version="1.0" encoding="UTF-8"?>
<beans xmlns="http://www.springframework.org/schema/beans"
       xmlns:xsi="http://www.w3.org/2001/XMLSchema-instance"
       xsi:schemaLocation="http://www.springframework.org/schema/beans http://www.springframework.org/schema/beans/spring-beans.xsd">

  <bean id="modelProvider" class="pl.edu.agh.semsimmon.knowledge.ontology.OntModelProviderImpl">
    <property name="defaultOntology" value="classpath:semmon_2.owl"/>
  </bean>

  <bean id="knowledge" class="pl.edu.agh.semsimmon.knowledge.impl.KnowledgeImpl">
    <property name="ontModelProvider" ref="modelProvider"/>
  </bean>

</beans>